<?xml version="1.0" encoding="UTF-8"?>
<!-- Generated by org.testng.reporters.JUnitReportReporter -->
<testsuite hostname="Aizhamals-MacBook-Pro.local" failures="0" tests="1" name="com.solvd.api.carina.demo.HelloWorld" time="0.022" errors="0" timestamp="2023-07-21T01:14:42 CDT" skipped="0">
  <testcase classname="com.solvd.api.carina.demo.HelloWorld" name="helloWorld" time="0.022"/>
  <system-out/>
</testsuite> <!-- com.solvd.api.carina.demo.HelloWorld -->
